CPU: Core 2, speed 2538.98 MHz (estimated)
Counted CPU_CLK_UNHALTED events (Clock cycles when not halted) with a unit mask of 0x00 (Unhalted core cycles) count 100000
CPU_CLK_UNHALT...|
  samples|      %|
------------------
    29813 43.2731 libpython2.6.so.1.0
     7438 10.7961 libpynac-0.2.so.3.0.0
     7164 10.3984 libc-2.11.1.so
     5156  7.4839 vmlinux-2.6.32-38-generic
     2201  3.1947 libgmp.so.8.2.3
     1980  2.8739 element.so
     1645  2.3877 coerce.so
     1434  2.0814 pynac.so
     1300  1.8869 nvidia_drv.so
     1185  1.7200 libcsage.so
     1065  1.5458 integer.so
      961  1.3949 parent.so
      930  1.3499 rational.so
      813  1.1801 libflashplayer.so
      657  0.9536 libstdc++.so.6.0.13
      617  0.8956 coerce_dict.so
      587  0.8520 expression.so
      482  0.6996 Xorg (deleted)
	CPU_CLK_UNHALT...|
	  samples|      %|
	------------------
	      371 76.9710 [vdso] (tgid:956 range:0xcf7000-0xcf8000)
	      111 23.0290 Xorg (deleted)
      364  0.5283 libpthread-2.11.1.so
      339  0.4921 ring.so
      280  0.4064 oprofiled
	CPU_CLK_UNHALT...|
	  samples|      %|
	------------------
	      272 97.1429 oprofiled
	        8  2.8571 [vdso] (tgid:8904 range:0x895000-0x896000)
      277  0.4021 bash
	CPU_CLK_UNHALT...|
	  samples|      %|
	------------------
	      275 99.2780 bash
	        2  0.7220 [vdso] (tgid:16384 range:0x35d000-0x35e000)
      190  0.2758 libnvidia-glcore.so.295.20
      173  0.2511 libxul.so
      171  0.2482 sage_object.so
      165  0.2395 oprofile
      164  0.2380 libcairo.so.2.10800.10
      145  0.2105 integer_ring.so
      130  0.1887 ld-2.11.1.so
      114  0.1655 coerce_maps.so
      113  0.1640 libglib-2.0.so.0.2400.1
      100  0.1451 libGL.so.295.20
       99  0.1437 plugin-container
	CPU_CLK_UNHALT...|
	  samples|      %|
	------------------
	       94 94.9495 [vdso] (tgid:22321 range:0x690000-0x691000)
	        5  5.0505 plugin-container
       91  0.1321 operator.so
       80  0.1161 ring.so
       42  0.0610 nvidia
       42  0.0610 libvte.so.9.12.1
       38  0.0552 libX11.so.6.3.0
       33  0.0479 libgdk-x11-2.0.so.0.2000.1
       32  0.0464 libpixman-1.so.0.16.4
       31  0.0450 compiz
	CPU_CLK_UNHALT...|
	  samples|      %|
	------------------
	       21 67.7419 compiz
	       10 32.2581 [vdso] (tgid:1419 range:0xeee000-0xeef000)
       31  0.0450 firefox
	CPU_CLK_UNHALT...|
	  samples|      %|
	------------------
	       15 48.3871 firefox
	        4 12.9032 anon (tgid:22112 range:0x208f6000-0x20906000)
	        3  9.6774 [vdso] (tgid:22112 range:0x36d000-0x36e000)
	        3  9.6774 anon (tgid:22112 range:0x178ba000-0x178ca000)
	        2  6.4516 anon (tgid:22112 range:0x335b000-0x336b000)
	        2  6.4516 anon (tgid:22112 range:0x5877000-0x5887000)
	        1  3.2258 anon (tgid:22112 range:0x16422000-0x16432000)
	        1  3.2258 anon (tgid:22112 range:0x193dd000-0x193ed000)
       28  0.0406 librt-2.11.1.so
       28  0.0406 libgobject-2.0.so.0.2400.1
       16  0.0232 libgtk-x11-2.0.so.0.2000.1
       14  0.0203 libfade.so
       11  0.0160 libmurrine.so
       11  0.0160 libxcb.so.1.1.0
        9  0.0131 tr
        9  0.0131 libnspr4.so
        5  0.0073 libdbus-1.so.3.4.0
        5  0.0073 gawk
        5  0.0073 libanimation.so
        5  0.0073 libexpo.so
        5  0.0073 libgio-2.0.so.0.2400.1
        4  0.0058 dash
        4  0.0058 libm-2.11.1.so
        4  0.0058 libdecoration.so
        4  0.0058 libsoftokn3.so
        3  0.0044 libncurses.so.5.7
        3  0.0044 python2.6
	CPU_CLK_UNHALT...|
	  samples|      %|
	------------------
	        3 100.000 [vdso] (tgid:9318 range:0x59d000-0x59e000)
        3  0.0044 libwall.so
        3  0.0044 libXrender.so.1.3.0
        3  0.0044 libgthread-2.0.so.0.2400.1
        3  0.0044 libwfb.so (deleted)
        2  0.0029 sky2
        2  0.0029 usb_storage
        2  0.0029 libmove.so
        2  0.0029 libresizeinfo.so
        2  0.0029 libstaticswitcher.so
        2  0.0029 libvpswitch.so
        2  0.0029 _gtk.so
        2  0.0029 libextmod.so (deleted)
        2  0.0029 libglx.so.295.20
        1  0.0015 grep
        1  0.0015 mkdir
        1  0.0015 libselinux.so.1
        1  0.0015 ohci1394
        1  0.0015 gtk-window-decorator
	CPU_CLK_UNHALT...|
	  samples|      %|
	------------------
	        1 100.000 [vdso] (tgid:1457 range:0x110000-0x111000)
        1  0.0015 ophelp
        1  0.0015 libezoom.so
        1  0.0015 libneg.so
        1  0.0015 libresize.so
        1  0.0015 libscale.so
        1  0.0015 libsession.so
        1  0.0015 libworkarounds.so
        1  0.0015 libmozalloc.so
        1  0.0015 gnome-settings-daemon
	CPU_CLK_UNHALT...|
	  samples|      %|
	------------------
	        1 100.000 [vdso] (tgid:1398 range:0xd94000-0xd95000)
        1  0.0015 hald-addon-storage
        1  0.0015 libORBit-2.so.0.1.0
        1  0.0015 libXext.so.6.4.0
        1  0.0015 libpyglib-2.0-python2.6.so.0.0.0
        1  0.0015 libstartup-notification-1.so.0.0.0
        1  0.0015 udisks-daemon
	CPU_CLK_UNHALT...|
	  samples|      %|
	------------------
	        1 100.000 [vdso] (tgid:1446 range:0xfd7000-0xfd8000)
