CPU: Core 2, speed 2538.98 MHz (estimated)
Counted CPU_CLK_UNHALTED events (Clock cycles when not halted) with a unit mask of 0x00 (Unhalted core cycles) count 100000
CPU_CLK_UNHALT...|
  samples|      %|
------------------
    19096 34.9705 libxul.so
     8367 15.3225 vmlinux-2.6.32-38-generic
     6789 12.4327 libpython2.6.so.1.0
     4059  7.4332 nvidia_drv.so
     3286  6.0177 libc-2.11.1.so
     1453  2.6609 Xorg (deleted)
	CPU_CLK_UNHALT...|
	  samples|      %|
	------------------
	     1009 69.4425 [vdso] (tgid:956 range:0xcf7000-0xcf8000)
	      444 30.5575 Xorg (deleted)
     1212  2.2195 libpynac-0.2.so.3.0.0
     1104  2.0218 firefox
	CPU_CLK_UNHALT...|
	  samples|      %|
	------------------
	      971 87.9529 firefox
	       47  4.2572 [vdso] (tgid:22112 range:0x36d000-0x36e000)
	       19  1.7210 anon (tgid:22112 range:0x26f0000-0x27b0000)
	       15  1.3587 anon (tgid:22112 range:0x1bf8e000-0x1bf9e000)
	       10  0.9058 anon (tgid:22112 range:0x17670000-0x17680000)
	        9  0.8152 anon (tgid:22112 range:0xfcfd000-0xfd0d000)
	        7  0.6341 anon (tgid:22112 range:0x19f37000-0x19f47000)
	        4  0.3623 anon (tgid:22112 range:0xa25f000-0xa26f000)
	        4  0.3623 anon (tgid:22112 range:0xbc24000-0xbc34000)
	        4  0.3623 anon (tgid:22112 range:0xf1d9000-0xf1e9000)
	        3  0.2717 anon (tgid:22112 range:0x13552000-0x13562000)
	        3  0.2717 anon (tgid:22112 range:0x4f1c000-0x4f2c000)
	        2  0.1812 anon (tgid:22112 range:0x16c5e000-0x16c6e000)
	        2  0.1812 anon (tgid:22112 range:0x9bc3000-0x9bd3000)
	        2  0.1812 anon (tgid:22112 range:0xa1e6000-0xa1f6000)
	        1  0.0906 anon (tgid:22112 range:0x1670d000-0x1671d000)
	        1  0.0906 anon (tgid:22112 range:0x1b4b8000-0x1b4c8000)
      993  1.8185 libpthread-2.11.1.so
      927  1.6976 libfontconfig.so.1.4.4
      712  1.3039 oprofiled
	CPU_CLK_UNHALT...|
	  samples|      %|
	------------------
	      699 98.1742 oprofiled
	       13  1.8258 [vdso] (tgid:8904 range:0x895000-0x896000)
      553  1.0127 libflashplayer.so
      518  0.9486 libgmp.so.8.2.3
      425  0.7783 libmpfr.so.1.2.2
      350  0.6410 libglib-2.0.so.0.2400.1
      322  0.5897 libm-2.11.1.so
      304  0.5567 bash
	CPU_CLK_UNHALT...|
	  samples|      %|
	------------------
	      298 98.0263 bash
	        6  1.9737 [vdso] (tgid:19237 range:0x49f000-0x4a0000)
      295  0.5402 libnvidia-glcore.so.295.20
      277  0.5073 libnspr4.so
      214  0.3919 ld-2.11.1.so
      206  0.3772 libGL.so.295.20
      201  0.3681 pynac.so
      187  0.3425 libcairo.so.2.10800.10
      176  0.3223 real_mpfi.so
      175  0.3205 coerce.so
      174  0.3186 libstdc++.so.6.0.13
      169  0.3095 oprofile
      157  0.2875 integer.so
      145  0.2655 element.so
      130  0.2381 libcsage.so
      123  0.2252 libgobject-2.0.so.0.2400.1
      116  0.2124 expression.so
      111  0.2033 parent.so
       77  0.1410 libgdk-x11-2.0.so.0.2000.1
       76  0.1392 libmpfi.so.0.0.0
       66  0.1209 libgtk-x11-2.0.so.0.2000.1
       60  0.1099 libX11.so.6.3.0
       58  0.1062 compiz
	CPU_CLK_UNHALT...|
	  samples|      %|
	------------------
	       34 58.6207 compiz
	       24 41.3793 [vdso] (tgid:1419 range:0xeee000-0xeef000)
       53  0.0971 libsingular.so
       52  0.0952 coerce_dict.so
       48  0.0879 libxcb.so.1.1.0
       46  0.0842 libmozalloc.so
       41  0.0751 libpixman-1.so.0.16.4
       39  0.0714 libfreetype.so.6.3.22
       37  0.0678 libORBit-2.so.0.1.0
       36  0.0659 libvte.so.9.12.1
       35  0.0641 librt-2.11.1.so
       35  0.0641 plugin-container
	CPU_CLK_UNHALT...|
	  samples|      %|
	------------------
	       35 100.000 [vdso] (tgid:22321 range:0x690000-0x691000)
       34  0.0623 libdbus-1.so.3.4.0
       31  0.0568 nvidia
       31  0.0568 libfade.so
       28  0.0513 libplc4.so
       26  0.0476 libmozsqlite3.so
       26  0.0476 libplds4.so
       23  0.0421 real_mpfr.so
       19  0.0348 libXrender.so.1.3.0
       18  0.0330 libgconf-2.so.4.1.5
       16  0.0293 sage_object.so
       15  0.0275 ring.so
       13  0.0238 libfreebl3.so
       12  0.0220 libsoftokn3.so
       12  0.0220 libwfb.so (deleted)
       10  0.0183 sky2
       10  0.0183 libgthread-2.0.so.0.2400.1
       10  0.0183 evdev_drv.so
        9  0.0165 tr
        9  0.0165 libstaticswitcher.so
        8  0.0147 libdecoration.so
        8  0.0147 libwall.so
        8  0.0147 libgconfbackend-xml.so
        7  0.0128 hid
        7  0.0128 gawk
        7  0.0128 libgio-2.0.so.0.2400.1
        6  0.0110 libexpo.so
        6  0.0110 libnss3.so
        6  0.0110 coerce_maps.so
        5  0.0092 libezoom.so
        5  0.0092 libnssutil3.so
        4  0.0073 libdl-2.11.1.so
        4  0.0073 libfile.so
        4  0.0073 _gtk.so
        3  0.0055 dash
        3  0.0055 libudev.so.0.6.1
        3  0.0055 python2.6
	CPU_CLK_UNHALT...|
	  samples|      %|
	------------------
	        2 66.6667 [vdso] (tgid:9318 range:0x59d000-0x59e000)
	        1 33.3333 python2.6
        3  0.0055 libanimation.so
        3  0.0055 libscale.so
        3  0.0055 libworkarounds.so
        3  0.0055 libssl3.so
        3  0.0055 libXfixes.so.3.1.0
        3  0.0055 gconfd-2
	CPU_CLK_UNHALT...|
	  samples|      %|
	------------------
	        2 66.6667 [vdso] (tgid:1391 range:0xf6b000-0xf6c000)
	        1 33.3333 gconfd-2
        3  0.0055 libgvfscommon.so.0.0.0
        3  0.0055 libextmod.so (deleted)
        3  0.0055 map.so
        2  0.0037 grep
        2  0.0037 sleep
        2  0.0037 libgcrypt.so.11.5.2
        2  0.0037 libresizeinfo.so
        2  0.0037 libsession.so
        2  0.0037 libbrowsercomps.so
        2  0.0037 libxpcom.so
        2  0.0037 libmurrine.so
        2  0.0037 libXext.so.6.4.0
        2  0.0037 libpango-1.0.so.0.2800.0
        2  0.0037 var.so
        2  0.0037 coerce_actions.so
        2  0.0037 parent_old.so
        2  0.0037 operator.so
        1  0.0018 mkdir
        1  0.0018 libgcc_s.so.1
        1  0.0018 libresolv-2.11.1.so
        1  0.0018 glIimcQw (deleted)
        1  0.0018 usb_storage
        1  0.0018 usbhid
        1  0.0018 libplace.so
        1  0.0018 libregex.so
        1  0.0018 libresize.so
        1  0.0018 libmozgnome.so
        1  0.0018 hald-addon-storage
	CPU_CLK_UNHALT...|
	  samples|      %|
	------------------
	        1 100.000 [vdso] (tgid:1304 range:0x3c5000-0x3c6000)
        1  0.0018 libcompizconfig.so.0.0.0
        1  0.0018 libdbus-glib-1.so.2.1.0
        1  0.0018 libpyglib-2.0-python2.6.so.0.0.0
        1  0.0018 libstartup-notification-1.so.0.0.0
        1  0.0018 libglx.so.295.20
        1  0.0018 action.so
        1  0.0018 morphism.so
        1  0.0018 integer_ring.so
        1  0.0018 category_object.so
