CPU: Core 2, speed 2538.98 MHz (estimated)
Counted CPU_CLK_UNHALTED events (Clock cycles when not halted) with a unit mask of 0x00 (Unhalted core cycles) count 100000
CPU_CLK_UNHALT...|
  samples|      %|
------------------
     3408 32.7472 vmlinux-2.6.32-38-generic
     2537 24.3778 libxul.so
     1158 11.1271 libc-2.11.1.so
      920  8.8402 libpython2.6.so.1.0
      603  5.7942 nvidia_drv.so
      283  2.7193 libflashplayer.so
      261  2.5079 bash
	CPU_CLK_UNHALT...|
	  samples|      %|
	------------------
	      257 98.4674 bash
	        4  1.5326 [vdso] (tgid:19869 range:0x1a6000-0x1a7000)
      203  1.9506 Xorg (deleted)
	CPU_CLK_UNHALT...|
	  samples|      %|
	------------------
	      147 72.4138 [vdso] (tgid:956 range:0xcf7000-0xcf8000)
	       56 27.5862 Xorg (deleted)
      134  1.2876 ld-2.11.1.so
       83  0.7975 libcairo.so.2.10800.10
       67  0.6438 libpthread-2.11.1.so
       61  0.5861 libgmp.so.8.2.3
       53  0.5093 libnvidia-glcore.so.295.20
       51  0.4901 libglib-2.0.so.0.2400.1
       36  0.3459 oprofile
       36  0.3459 libpynac-0.2.so.3.0.0
       35  0.3363 plugin-container
	CPU_CLK_UNHALT...|
	  samples|      %|
	------------------
	       33 94.2857 [vdso] (tgid:22321 range:0x690000-0x691000)
	        2  5.7143 plugin-container
       34  0.3267 oprofiled
	CPU_CLK_UNHALT...|
	  samples|      %|
	------------------
	       28 82.3529 oprofiled
	        6 17.6471 [vdso] (tgid:8904 range:0x895000-0x896000)
       34  0.3267 libmpfr.so.1.2.2
       28  0.2690 element.so
       27  0.2594 libvte.so.9.12.1
       23  0.2210 libGL.so.295.20
       23  0.2210 integer.so
       19  0.1826 libfontconfig.so.1.4.4
       17  0.1634 libcsage.so
       16  0.1537 gap
	CPU_CLK_UNHALT...|
	  samples|      %|
	------------------
	       14 87.5000 gap
	        2 12.5000 [vdso] (tgid:18279 range:0x274000-0x275000)
       14  0.1345 nvidia
       14  0.1345 parent.so
       13  0.1249 rational.so
       13  0.1249 coerce.so
       12  0.1153 librt-2.11.1.so
       12  0.1153 firefox
       12  0.1153 pynac.so
       10  0.0961 compiz
	CPU_CLK_UNHALT...|
	  samples|      %|
	------------------
	        6 60.0000 compiz
	        4 40.0000 [vdso] (tgid:1419 range:0xeee000-0xeef000)
       10  0.0961 tr
       10  0.0961 libX11.so.6.3.0
       10  0.0961 libgdk-x11-2.0.so.0.2000.1
       10  0.0961 libgobject-2.0.so.0.2400.1
        9  0.0865 libpixman-1.so.0.16.4
        9  0.0865 expression.so
        8  0.0769 libstdc++.so.6.0.13
        7  0.0673 libfade.so
        7  0.0673 real_mpfi.so
        6  0.0577 libgtk-x11-2.0.so.0.2000.1
        6  0.0577 libxcb.so.1.1.0
        6  0.0577 complex_interval.so
        5  0.0480 libmurrine.so
        4  0.0384 dash
        4  0.0384 grep
        4  0.0384 libXrender.so.1.3.0
        4  0.0384 coerce_dict.so
        4  0.0384 sage_object.so
        3  0.0288 gawk
        3  0.0288 libexpo.so
        3  0.0288 libnspr4.so
        2  0.0192 coerce_maps.so
        2  0.0192 ring.so
        2  0.0192 libmpfi.so.0.0.0
        1  0.0096 cat
        1  0.0096 ls
        1  0.0096 rm
        1  0.0096 libm-2.11.1.so
        1  0.0096 python2.6
        1  0.0096 libdecoration.so
        1  0.0096 libezoom.so
        1  0.0096 libresize.so
        1  0.0096 libscale.so
        1  0.0096 libmozalloc.so
        1  0.0096 libgvfscommon.so.0.0.0
        1  0.0096 libpyglib-2.0-python2.6.so.0.0.0
        1  0.0096 libusbmuxd.so.1.0.0
        1  0.0096 _gtk.so
        1  0.0096 evdev_drv.so
        1  0.0096 integer_ring.so
        1  0.0096 power_helper.so
        1  0.0096 python
	CPU_CLK_UNHALT...|
	  samples|      %|
	------------------
	        1 100.000 [vdso] (tgid:15226 range:0x35d000-0x35e000)
        1  0.0096 select.so
