CPU: Core 2, speed 2538.98 MHz (estimated)
Counted CPU_CLK_UNHALTED events (Clock cycles when not halted) with a unit mask of 0x00 (Unhalted core cycles) count 100000
CPU_CLK_UNHALT...|
  samples|      %|
------------------
     2887 52.3387 vmlinux-2.6.32-38-generic
     1009 18.2922 libc-2.11.1.so
      296  5.3662 bash
	CPU_CLK_UNHALT...|
	  samples|      %|
	------------------
	      290 97.9730 bash
	        6  2.0270 [vdso] (tgid:17016 range:0xb95000-0xb96000)
      291  5.2756 libpython2.6.so.1.0
      236  4.2785 libflashplayer.so
      160  2.9007 nvidia_drv.so
      143  2.5925 ld-2.11.1.so
       70  1.2690 Xorg (deleted)
	CPU_CLK_UNHALT...|
	  samples|      %|
	------------------
	       52 74.2857 [vdso] (tgid:956 range:0xcf7000-0xcf8000)
	       18 25.7143 Xorg (deleted)
       44  0.7977 libxul.so
       32  0.5801 libcairo.so.2.10800.10
       30  0.5439 libpthread-2.11.1.so
       30  0.5439 libnvidia-glcore.so.295.20
       25  0.4532 libglib-2.0.so.0.2400.1
       25  0.4532 oprofiled
	CPU_CLK_UNHALT...|
	  samples|      %|
	------------------
	       21 84.0000 oprofiled
	        4 16.0000 [vdso] (tgid:8904 range:0x895000-0x896000)
       24  0.4351 plugin-container
	CPU_CLK_UNHALT...|
	  samples|      %|
	------------------
	       21 87.5000 [vdso] (tgid:22321 range:0x690000-0x691000)
	        3 12.5000 plugin-container
       19  0.3445 oprofile
       18  0.3263 libpynac-0.2.so.3.0.0
       17  0.3082 nvidia
       15  0.2719 libgmp.so.8.2.3
       13  0.2357 librt-2.11.1.so
       10  0.1813 libGL.so.295.20
       10  0.1813 libX11.so.6.3.0
        9  0.1632 libgobject-2.0.so.0.2400.1
        9  0.1632 libvte.so.9.12.1
        8  0.1450 libgdk-x11-2.0.so.0.2000.1
        7  0.1269 libpixman-1.so.0.16.4
        6  0.1088 firefox
	CPU_CLK_UNHALT...|
	  samples|      %|
	------------------
	        2 33.3333 firefox
	        2 33.3333 anon (tgid:22112 range:0x5877000-0x5887000)
	        1 16.6667 [vdso] (tgid:22112 range:0x36d000-0x36e000)
	        1 16.6667 anon (tgid:22112 range:0x178ba000-0x178ca000)
        5  0.0906 compiz
	CPU_CLK_UNHALT...|
	  samples|      %|
	------------------
	        4 80.0000 compiz
	        1 20.0000 [vdso] (tgid:1419 range:0xeee000-0xeef000)
        5  0.0906 tr
        5  0.0906 expression.so
        5  0.0906 libcsage.so
        4  0.0725 libdbus-1.so.3.4.0
        4  0.0725 libnspr4.so
        3  0.0544 libexpo.so
        3  0.0544 libgthread-2.0.so.0.2400.1
        3  0.0544 libxcb.so.1.1.0
        3  0.0544 element.so
        2  0.0363 dash
        2  0.0363 rm
        2  0.0363 libm-2.11.1.so
        2  0.0363 libfade.so
        2  0.0363 libgtk-x11-2.0.so.0.2000.1
        2  0.0363 libstdc++.so.6.0.13
        2  0.0363 complex_interval.so
        2  0.0363 rational.so
        2  0.0363 libmpfr.so.1.2.2
        1  0.0181 cat
        1  0.0181 libncurses.so.5.7
        1  0.0181 libselinux.so.1
        1  0.0181 libdl-2.11.1.so
        1  0.0181 usb_storage
        1  0.0181 gawk
        1  0.0181 python2.6
	CPU_CLK_UNHALT...|
	  samples|      %|
	------------------
	        1 100.000 [vdso] (tgid:9318 range:0x59d000-0x59e000)
        1  0.0181 libresizeinfo.so
        1  0.0181 libwall.so
        1  0.0181 libmozalloc.so
        1  0.0181 libmurrine.so
        1  0.0181 libgvfscommon.so.0.0.0
        1  0.0181 pynac.so
        1  0.0181 ring.so
        1  0.0181 rsyslogd
